#
# There is insufficient memory for the Java Runtime Environment to continue.
# Native memory allocation (mmap) failed to map 65536 bytes for Failed to commit area from 0x0000018a5da90000 to 0x0000018a5daa0000 of length 65536.
# Possible reasons:
#   The system is out of physical RAM or swap space
#   The process is running with CompressedOops enabled, and the Java Heap may be blocking the growth of the native heap
# Possible solutions:
#   Reduce memory load on the system
#   Increase physical memory or swap space
#   Check if swap backing store is full
#   Decrease Java heap size (-Xmx/-Xms)
#   Decrease number of Java threads
#   Decrease Java thread stack sizes (-Xss)
#   Set larger code cache with -XX:ReservedCodeCacheSize=
# This output file may be truncated or incomplete.
#
#  Out of Memory Error (./src/hotspot/os/windows/os_windows.cpp:3303), pid=11700, tid=11748
#
# JRE version:  (11.0.7+10) (build )
# Java VM: OpenJDK 64-Bit Server VM (11.0.7+10-b765.53, mixed mode, sharing, tiered, compressed oops, g1 gc, windows-amd64)
# No core dump will be written. Minidumps are not enabled by default on client versions of Windows
#

---------------  S U M M A R Y ------------

Command Line: org.jetbrains.git4idea.http.GitAskPassApp Username for 'https://github.com': 

Host: Intel(R) Core(TM) i5-7200U CPU @ 2.50GHz, 4 cores, 3G,  Windows 10 , 64 bit Build 19041 (10.0.19041.1889)
Time: Fri Oct 14 17:01:20 2022 Jerusalem Daylight Time elapsed time: 0 seconds (0d 0h 0m 0s)

---------------  T H R E A D  ---------------

Current thread (0x0000018a48b9c800):  JavaThread "Unknown thread" [_thread_in_vm, id=11748, stack(0x0000004103b00000,0x0000004103c00000)]

Stack: [0x0000004103b00000,0x0000004103c00000]
Native frames: (J=compiled Java code, j=interpreted, Vv=VM code, C=native code)
V  [jvm.dll+0x5dda4a]
V  [jvm.dll+0x711595]
V  [jvm.dll+0x712aed]
V  [jvm.dll+0x7131a3]
V  [jvm.dll+0x23e368]
V  [jvm.dll+0x5daf04]
V  [jvm.dll+0x5d0085]
V  [jvm.dll+0x2fb0cb]
V  [jvm.dll+0x2fb03a]
V  [jvm.dll+0x2faf12]
V  [jvm.dll+0x2fff05]
V  [jvm.dll+0x3483c9]
V  [jvm.dll+0x348a96]
V  [jvm.dll+0x348493]
V  [jvm.dll+0x2d59e8]
V  [jvm.dll+0x2d6b87]
V  [jvm.dll+0x6f04e7]
V  [jvm.dll+0x6f1cdc]
V  [jvm.dll+0x355909]
V  [jvm.dll+0x6d42ae]
V  [jvm.dll+0x3bda13]
V  [jvm.dll+0x3bfc51]
C  [jli.dll+0x5363]
C  [ucrtbase.dll+0x21bb2]
C  [KERNEL32.DLL+0x17034]
C  [ntdll.dll+0x526a1]


---------------  P R O C E S S  ---------------

Threads class SMR info:
_java_thread_list=0x0000018a48aa2890, length=0, elements={
}

Java Threads: ( => current thread )

Other Threads:
  0x0000018a48bb6800 GCTaskThread "GC Thread#0" [stack: 0x0000004103c00000,0x0000004103d00000] [id=8584]
  0x0000018a48bd1000 ConcurrentGCThread "G1 Main Marker" [stack: 0x0000004103d00000,0x0000004103e00000] [id=1076]
  0x0000018a48bd2800 ConcurrentGCThread "G1 Conc#0" [stack: 0x0000004103e00000,0x0000004103f00000] [id=2176]

[error occurred during error reporting (printing all threads), id 0xc0000005, EXCEPTION_ACCESS_VIOLATION (0xc0000005) at pc=0x00007ffdd3ff5fc7]

VM state:not at safepoint (not fully initialized)

VM Mutex/Monitor currently owned by a thread:  ([mutex/lock_event])
[0x0000018a48b99d20] Heap_lock - owner thread: 0x0000018a48b9c800

Heap address: 0x00000000c1800000, size: 1000 MB, Compressed Oops mode: Non-zero based: 0x00000000c1800000
Narrow klass base: 0x0000000000000000, Narrow klass shift: 0

GC Heap History (0 events):
No events

Deoptimization events (0 events):
No events

Classes redefined (0 events):
No events

Internal exceptions (0 events):
No events

Events (2 events):
Event: 0.008 Loaded shared library C:\Program Files\JetBrains\PyCharm Community Edition 2020.1.2\jbr\bin\zip.dll
Event: 0.009 Loaded shared library C:\Program Files\JetBrains\PyCharm Community Edition 2020.1.2\jbr\bin\jimage.dll


Dynamic libraries:
0x00007ff7832d0000 - 0x00007ff7832da000 	C:\Program Files\JetBrains\PyCharm Community Edition 2020.1.2\jbr\bin\java.exe
0x00007ffe36f30000 - 0x00007ffe37128000 	C:\WINDOWS\SYSTEM32\ntdll.dll
0x00007ffe36bc0000 - 0x00007ffe36c7d000 	C:\WINDOWS\System32\KERNEL32.DLL
0x00007ffe34b10000 - 0x00007ffe34de2000 	C:\WINDOWS\System32\KERNELBASE.dll
0x00007ffe34730000 - 0x00007ffe34830000 	C:\WINDOWS\System32\ucrtbase.dll
0x00007ffe08720000 - 0x00007ffe08737000 	C:\Program Files\JetBrains\PyCharm Community Edition 2020.1.2\jbr\bin\VCRUNTIME140.dll
0x00007ffe0c200000 - 0x00007ffe0c219000 	C:\Program Files\JetBrains\PyCharm Community Edition 2020.1.2\jbr\bin\jli.dll
0x00007ffe359e0000 - 0x00007ffe35b7d000 	C:\WINDOWS\System32\USER32.dll
0x00007ffe34f30000 - 0x00007ffe34f52000 	C:\WINDOWS\System32\win32u.dll
0x00007ffe359b0000 - 0x00007ffe359db000 	C:\WINDOWS\System32\GDI32.dll
0x00007ffe2b170000 - 0x00007ffe2b40a000 	C:\WINDOWS\WinSxS\amd64_microsoft.windows.common-controls_6595b64144ccf1df_6.0.19041.1110_none_60b5254171f9507e\COMCTL32.dll
0x00007ffe362c0000 - 0x00007ffe3635e000 	C:\WINDOWS\System32\msvcrt.dll
0x00007ffe34990000 - 0x00007ffe34a9f000 	C:\WINDOWS\System32\gdi32full.dll
0x00007ffe34690000 - 0x00007ffe3472d000 	C:\WINDOWS\System32\msvcp_win.dll
0x00007ffe36e10000 - 0x00007ffe36e40000 	C:\WINDOWS\System32\IMM32.DLL
0x00007ffdfaa50000 - 0x00007ffdfaaed000 	C:\Program Files\JetBrains\PyCharm Community Edition 2020.1.2\jbr\bin\msvcp140.dll
0x00007ffdd3d10000 - 0x00007ffdd47cb000 	C:\Program Files\JetBrains\PyCharm Community Edition 2020.1.2\jbr\bin\server\jvm.dll
0x00007ffe35740000 - 0x00007ffe357ee000 	C:\WINDOWS\System32\ADVAPI32.dll
0x00007ffe35d30000 - 0x00007ffe35dcc000 	C:\WINDOWS\System32\sechost.dll
0x00007ffe36530000 - 0x00007ffe36655000 	C:\WINDOWS\System32\RPCRT4.dll
0x00007ffe358c0000 - 0x00007ffe358c8000 	C:\WINDOWS\System32\PSAPI.DLL
0x00007ffe1edb0000 - 0x00007ffe1edb9000 	C:\WINDOWS\SYSTEM32\WSOCK32.dll
0x00007ffe2f6e0000 - 0x00007ffe2f6ea000 	C:\WINDOWS\SYSTEM32\VERSION.dll
0x00007ffe09990000 - 0x00007ffe099b7000 	C:\WINDOWS\SYSTEM32\WINMM.dll
0x00007ffe361f0000 - 0x00007ffe3625b000 	C:\WINDOWS\System32\WS2_32.dll
0x00007ffe324c0000 - 0x00007ffe324d2000 	C:\WINDOWS\SYSTEM32\kernel.appcore.dll
0x00007ffe2f120000 - 0x00007ffe2f131000 	C:\Program Files\JetBrains\PyCharm Community Edition 2020.1.2\jbr\bin\verify.dll
0x00007ffe2c340000 - 0x00007ffe2c524000 	C:\WINDOWS\SYSTEM32\DBGHELP.DLL
0x00007ffe2bab0000 - 0x00007ffe2badc000 	C:\WINDOWS\SYSTEM32\dbgcore.DLL
0x00007ffe34df0000 - 0x00007ffe34e72000 	C:\WINDOWS\System32\bcryptPrimitives.dll
0x00007ffe2b550000 - 0x00007ffe2b579000 	C:\Program Files\JetBrains\PyCharm Community Edition 2020.1.2\jbr\bin\java.dll
0x00007ffe2df00000 - 0x00007ffe2df18000 	C:\Program Files\JetBrains\PyCharm Community Edition 2020.1.2\jbr\bin\zip.dll
0x00007ffe2fbe0000 - 0x00007ffe2fbeb000 	C:\Program Files\JetBrains\PyCharm Community Edition 2020.1.2\jbr\bin\jimage.dll

dbghelp: loaded successfully - version: 4.0.5 - missing functions: none
symbol engine: initialized successfully - sym options: 0x614 - pdb path: .;C:\Program Files\JetBrains\PyCharm Community Edition 2020.1.2\jbr\bin;C:\WINDOWS\SYSTEM32;C:\WINDOWS\WinSxS\amd64_microsoft.windows.common-controls_6595b64144ccf1df_6.0.19041.1110_none_60b5254171f9507e;C:\Program Files\JetBrains\PyCharm Community Edition 2020.1.2\jbr\bin\server

VM Arguments:
java_command: org.jetbrains.git4idea.http.GitAskPassApp Username for 'https://github.com': 
java_class_path (initial): C:/Program Files/JetBrains/PyCharm Community Edition 2020.1.2/plugins/git4idea/lib/git4idea-rt.jar;C:/Program Files/JetBrains/PyCharm Community Edition 2020.1.2/lib/xmlrpc-2.0.1.jar;C:/Program Files/JetBrains/PyCharm Community Edition 2020.1.2/lib/commons-codec-1.14.jar;C:/Program Files/JetBrains/PyCharm Community Edition 2020.1.2/lib/util.jar
Launcher Type: SUN_STANDARD

[Global flags]
     intx CICompilerCount                          = 3                                         {product} {ergonomic}
     uint ConcGCThreads                            = 1                                         {product} {ergonomic}
     uint G1ConcRefinementThreads                  = 4                                         {product} {ergonomic}
   size_t G1HeapRegionSize                         = 1048576                                   {product} {ergonomic}
    uintx GCDrainStackTargetSize                   = 64                                        {product} {ergonomic}
   size_t InitialHeapSize                          = 67108864                                  {product} {ergonomic}
   size_t MarkStackSize                            = 4194304                                   {product} {ergonomic}
   size_t MaxHeapSize                              = 1048576000                                {product} {ergonomic}
   size_t MinHeapDeltaBytes                        = 1048576                                   {product} {ergonomic}
    uintx NonNMethodCodeHeapSize                   = 5830732                                {pd product} {ergonomic}
    uintx NonProfiledCodeHeapSize                  = 122913754                              {pd product} {ergonomic}
    uintx ProfiledCodeHeapSize                     = 122913754                              {pd product} {ergonomic}
    uintx ReservedCodeCacheSize                    = 251658240                              {pd product} {ergonomic}
     bool SegmentedCodeCache                       = true                                      {product} {ergonomic}
     bool UseCompressedClassPointers               = true                                 {lp64_product} {ergonomic}
     bool UseCompressedOops                        = true                                 {lp64_product} {ergonomic}
     bool UseG1GC                                  = true                                      {product} {ergonomic}
     bool UseLargePagesIndividualAllocation        = false                                  {pd product} {ergonomic}

Logging:
Log output configuration:
 #0: stdout all=warning uptime,level,tags
 #1: stderr all=off uptime,level,tags

Environment Variables:
PATH=C:\Program Files\Git\mingw64\libexec\git-core;C:\Program Files\Git\mingw64\libexec\git-core;C:\Program Files\Git\mingw64\bin;C:\Program Files\Git\usr\bin;C:\Users\AhMaD\bin;E:\WINDOWS.X64_193000_db_home\bin;C:\Program Files (x86)\Common Files\Oracle\Java\javapath;C:\WINDOWS\system32;C:\WINDOWS;C:\WINDOWS\System32\Wbem;C:\WINDOWS\System32\WindowsPowerShell\v1.0;C:\WINDOWS\System32\OpenSSH;C:\Program Files\PuTTY;C:\Program Files\Java\jdk-13.0.2\bin;C:\Program Files\nodejs;C:\Program Files\Git\cmd;C:\Users\AhMaD\AppData\Local\Programs\Python\Python38\Scripts;C:\Users\AhMaD\AppData\Local\Programs\Python\Python38;C:\Users\AhMaD\Desktop\java programms;C:\Users\AhMaD\Desktop\Microsoft VS Code Insiders\bin;E:\Microsoft VS Code\bin;C:\Program Files\JetBrains\PyCharm Community Edition 2020.1.2\bin;C:\Program Files (x86)\Java\jdk-14.0.2\bin;C:\Program Files\JetBrains\PhpStorm 2020.3.1\bin;C:\Users\AhMaD\AppData\Roaming\npm;C:\xampp\php;C:\Users\AhMaD\AppData\Local\Microsoft\WindowsApps
USERNAME=AhMaD
DISPLAY=:0.0
OS=Windows_NT
PROCESSOR_IDENTIFIER=Intel64 Family 6 Model 142 Stepping 9, GenuineIntel



---------------  S Y S T E M  ---------------

OS: Windows 10 , 64 bit Build 19041 (10.0.19041.1889)
OS uptime: 1 days 15:50 hours
HyperV virtualization detected

CPU:total 4 (initial active 4) (2 cores per cpu, 2 threads per core) family 6 model 142 stepping 9, cmov, cx8, fxsr, mmx, sse, sse2, sse3, ssse3, sse4.1, sse4.2, popcnt, avx, avx2, aes, clmul, erms, 3dnowpref, lzcnt, ht, tsc, tscinvbit, bmi1, bmi2, adx, fma

Memory: 4k page, system-wide physical 3996M (240M free)
TotalPageFile size 6996M (AvailPageFile size 2M)
current process WorkingSet (physical memory assigned to process): 12M, peak: 12M
current process commit charge ("private bytes"): 117M, peak: 117M

vm_info: OpenJDK 64-Bit Server VM (11.0.7+10-b765.53) for windows-amd64 JRE (11.0.7+10-b765.53), built on May 12 2020 04:38:25 by "" with MS VC++ 14.0 (VS2015)

END.
